<?xml version="1.0" encoding="UTF-8"?>
<testsuites name="Mocha Tests" time="6.0190" tests="1" failures="0">
  <testsuite name="Root Suite" timestamp="2021-11-04T14:00:15" tests="0" file="cypress/integration/0-test/smartTable_spec.js" time="0.0000" failures="0">
  </testsuite>
  <testsuite name="Smart Table Test" timestamp="2021-11-04T14:00:15" tests="1" time="6.0190" failures="0">
    <testcase name="Smart Table Test Edit a row" time="6.0190" classname="Edit a row">
    </testcase>
  </testsuite>
</testsuites>