{
  "stats": {
    "suites": 1,
    "tests": 3,
    "passes": 3,
    "pending": 0,
    "failures": 0,
    "start": "2021-11-04T13:54:08.829Z",
    "end": "2021-11-04T13:54:22.642Z",
    "duration": 13813,
    "testsRegistered": 3,
    "passPercent": 100,
    "pendingPercent": 0,
    "other": 0,
    "hasOther": false,
    "skipped": 0,
    "hasSkipped": false
  },
  "results": [
    {
      "uuid": "e564343f-ddb0-4126-b27f-0598ef950419",
      "title": "",
      "fullFile": "cypress/integration/0-test/form_spec.js",
      "file": "cypress/integration/0-test/form_spec.js",
      "beforeHooks": [],
      "afterHooks": [],
      "tests": [],
      "suites": [
        {
          "uuid": "823724f2-01e6-4810-9bb5-57c5aa1218a3",
          "title": "Form Test",
          "fullFile": "",
          "file": "",
          "beforeHooks": [],
          "afterHooks": [],
          "tests": [
            {
              "title": "Using the Grid Test",
              "fullTitle": "Form Test Using the Grid Test",
              "timedOut": null,
              "duration": 7845,
              "state": "passed",
              "speed": "medium",
              "pass": true,
              "fail": false,
              "pending": false,
              "context": null,
              "code": "cy.screenshot();\n_formsPage.formPage.fillUsingTheGridForm(\"saurabh.d2106@fake.com\", \"4kjhsdh@dbg\");",
              "err": {},
              "uuid": "8b312884-02db-43da-b0c7-7e58fb5c9736",
              "parentUUID": "823724f2-01e6-4810-9bb5-57c5aa1218a3",
              "isHook": false,
              "skipped": false
            },
            {
              "title": "Using the Grid using Then method",
              "fullTitle": "Form Test Using the Grid using Then method",
              "timedOut": null,
              "duration": 4341,
              "state": "passed",
              "speed": "fast",
              "pass": true,
              "fail": false,
              "pending": false,
              "context": null,
              "code": "// .as() -- allias\ncy.contains(\"nb-card\", \"Using the Grid\").then(function (usingTheGrid) {\n  cy.wrap(usingTheGrid).find(\"[data-cy='imputEmail1']\").type(\"Saurabh@fake.com\");\n  cy.wrap(usingTheGrid).find(\"#inputPassword2\").type(\"fhskdj@12\");\n  cy.wrap(usingTheGrid).find(\"button\").click();\n});",
              "err": {},
              "uuid": "e916839a-7143-4498-a0cd-b43ec075b284",
              "parentUUID": "823724f2-01e6-4810-9bb5-57c5aa1218a3",
              "isHook": false,
              "skipped": false
            },
            {
              "title": "Learn Invoke Method",
              "fullTitle": "Form Test Learn Invoke Method",
              "timedOut": null,
              "duration": 1503,
              "state": "passed",
              "speed": "fast",
              "pass": true,
              "fail": false,
              "pending": false,
              "context": null,
              "code": "cy.get('[for=\"exampleInputEmail1\"]').invoke(\"text\").then(text => {\n  //Chai-jquery assertion\n  expect(text).to.equal(\"Email address\");\n});\ncy.get('[for=\"exampleInputEmail1\"]').should(\"have.text\", \"Email address\"); //Cypress assertion\ncy.get(\"#exampleInputEmail1\").invoke(\"attr\", \"placeholder\").should(\"equal\", \"Email\");",
              "err": {},
              "uuid": "5b6b77cb-854e-4d2c-abf5-a806049ae540",
              "parentUUID": "823724f2-01e6-4810-9bb5-57c5aa1218a3",
              "isHook": false,
              "skipped": false
            }
          ],
          "suites": [],
          "passes": [
            "8b312884-02db-43da-b0c7-7e58fb5c9736",
            "e916839a-7143-4498-a0cd-b43ec075b284",
            "5b6b77cb-854e-4d2c-abf5-a806049ae540"
          ],
          "failures": [],
          "pending": [],
          "skipped": [],
          "duration": 13689,
          "root": false,
          "rootEmpty": false,
          "_timeout": 2000
        }
      ],
      "passes": [],
      "failures": [],
      "pending": [],
      "skipped": [],
      "duration": 0,
      "root": true,
      "rootEmpty": true,
      "_timeout": 2000
    }
  ],
  "meta": {
    "mocha": {
      "version": "7.0.1"
    },
    "mochawesome": {
      "options": {
        "quiet": false,
        "reportFilename": "mochawesome",
        "saveHtml": true,
        "saveJson": true,
        "consoleReporter": "spec",
        "useInlineDiffs": false,
        "code": true
      },
      "version": "7.0.0"
    },
    "marge": {
      "options": null,
      "version": "6.0.0"
    }
  }
}